                      :-) GROMACS - gmx mdrun, 2025.2 (-:

Copyright 1991-2025 The GROMACS Authors.
GROMACS is free software; you can redistribute it and/or modify it
under the terms of the GNU Lesser General Public License
as published by the Free Software Foundation; either version 2.1
of the License, or (at your option) any later version.

                         Current GROMACS contributors:
       Mark Abraham           Andrey Alekseenko           Brian Andrews       
      Vladimir Basov              Paul Bauer                Hugh Bird         
      Eliane Briand               Ania Brown              Mahesh Doijade      
      Giacomo Fiorin          Stefan Fleischmann          Sergey Gorelov      
   Gilles Gouaillardet            Alan Gray              M. Eric Irrgang      
   Farzaneh Jalalypour         Petter Johansson          Carsten Kutzner      
    Grzegorz Łazarski         Justin A. Lemkul          Magnus Lundborg      
       Pascal Merz             Vedran Miletić            Dmitry Morozov      
     Lukas Müllender            Julien Nabet             Szilárd Páll      
 Andrea Pasquadibisceglie     Michele Pellegrino         Nicola Piasentin     
     Daniele Rapetti         Muhammad Umair Sadiq         Hubert Santuz       
      Roland Schulz             Michael Shirts           Tatiana Shugaeva     
     Alexey Shvetsov            Philip Turner            Alessandra Villa     
 Sebastian Wingbermühle  

                         Previous GROMACS contributors:
        Emile Apol             Rossen Apostolov           James Barnett       
  Herman J.C. Berendsen         Cathrine Bergh             Par Bjelkmar       
      Christian Blau          Viacheslav Bolnykh            Kevin Boyd        
    Aldert van Buuren          Carlo Camilloni           Rudi van Drunen      
      Anton Feenstra           Oliver Fleetwood            Vytas Gapsys       
       Gaurav Garg             Gerrit Groenhof            Bert de Groot       
      Anca Hamuraru           Vincent Hindriksen          Victor Holanda      
     Aleksei Iupinov              Joe Jordan            Christoph Junghans    
    Prashanth Kanduri        Dimitrios Karkoulis           Peter Kasson       
      Sebastian Kehl           Sebastian Keller             Jiri Kraus        
       Per Larsson              Viveca Lindahl            Erik Marklund       
    Pieter Meulenhoff           Teemu Murtola              Sander Pronk       
      Alfons Sijbers            Balint Soproni         David van der Spoel    
      Peter Tieleman            Carsten Uphoff             Jon Vincent        
     Teemu Virolainen         Christian Wennberg           Maarten Wolf       
      Artem Zhmurov       

                  Coordinated by the GROMACS project leaders:
                           Berk Hess and Erik Lindahl

GROMACS:      gmx mdrun, version 2025.2
Executable:   /usr/local/gromacs/bin/gmx_mpi
Data prefix:  /usr/local/gromacs
Working dir:  /mnt/c/Users/cha13/Desktop/blog_in_progress/binary_complex/gromacs/REMD_0/replicate_2
Process ID:   371605
Command line:
  gmx_mpi mdrun -multidir replicate_0 replicate_1 replicate_2 replicate_3 replicate_4 replicate_5 replicate_6 replicate_7 replicate_8 replicate_9 replicate_10 replicate_11 replicate_12 replicate_13 replicate_14 replicate_15 -s md.tpr -deffnm md -replex 500

GROMACS version:     2025.2
Precision:           mixed
Memory model:        64 bit
MPI library:         MPI
MPI library version: Open MPI v4.1.6, package: Debian OpenMPI, ident: 4.1.6, repo rev: v4.1.6, Sep 30, 2023
OpenMP support:      enabled (GMX_OPENMP_MAX_THREADS = 128)
GPU support:         CUDA
NBNxM GPU setup:     super-cluster 2x2x2 / cluster 8 (cluster-pair splitting on)
SIMD instructions:   AVX2_256
CPU FFT library:     fftw-3.3.10-sse2-avx-avx2-avx2_128
GPU FFT library:     cuFFT
Multi-GPU FFT:       none
RDTSCP usage:        enabled
TNG support:         enabled
Hwloc support:       disabled
Tracing support:     disabled
C compiler:          /usr/bin/cc GNU 13.3.0
C compiler flags:    -fexcess-precision=fast -funroll-all-loops -mavx2 -mfma -Wno-missing-field-initializers -O3 -DNDEBUG
C++ compiler:        /usr/bin/c++ GNU 13.3.0
C++ compiler flags:  -fexcess-precision=fast -funroll-all-loops -mavx2 -mfma -Wno-missing-field-initializers -Wno-old-style-cast -Wno-cast-qual -Wno-suggest-override -Wno-suggest-destructor-override -Wno-zero-as-null-pointer-constant -Wno-cast-function-type-strict SHELL:-fopenmp -O3 -DNDEBUG
BLAS library:        Internal
LAPACK library:      Internal
CUDA compiler:       /usr/local/cuda/bin/nvcc nvcc: NVIDIA (R) Cuda compiler driver;Copyright (c) 2005-2025 NVIDIA Corporation;Built on Wed_Apr__9_19:24:57_PDT_2025;Cuda compilation tools, release 12.9, V12.9.41;Build cuda_12.9.r12.9/compiler.35813241_0
CUDA compiler flags: -O3 -DNDEBUG
CUDA driver:         12.80
CUDA runtime:        12.90


Running on 1 node with total 16 cores, 16 processing units, 1 compatible GPU
Hardware detected on host lanhao (the node of MPI rank 2):
  CPU info:
    Vendor: Intel
    Brand:  Intel(R) Core(TM) Ultra 9 285H
    Family: 6   Model: 197   Stepping: 2
    Features: aes apic avx avx2 clfsh cmov cx8 cx16 f16c fma intel lahf mmx msr nonstop_tsc pcid pclmuldq pdpe1gb popcnt pse rdrnd rdtscp sha sse2 sse3 sse4.1 sse4.2 ssse3 tdt x2apic
  Hardware topology: Basic
    Packages, cores, and logical processors:
    [indices refer to OS logical processors]
      Package  0: [   0] [   1] [   2] [   3] [   4] [   5] [   6] [   7] [   8] [   9] [  10] [  11] [  12] [  13] [  14] [  15]
    CPU limit set by OS: -1   Recommended max number of threads: 16
  GPU info:
    Number of GPUs detected: 1
    #0: NVIDIA NVIDIA GeForce RTX 5070 Laptop GPU, compute cap.: 12.0, ECC:  no, stat: compatible


++++ PLEASE READ AND CITE THE FOLLOWING REFERENCE ++++
M. J. Abraham, T. Murtola, R. Schulz, S. Páll, J. C. Smith, B. Hess, E.
Lindahl
GROMACS: High performance molecular simulations through multi-level
parallelism from laptops to supercomputers
SoftwareX (2015)
DOI: 10.1016/j.softx.2015.06.001
-------- -------- --- Thank You --- -------- --------


++++ PLEASE READ AND CITE THE FOLLOWING REFERENCE ++++
S. Páll, M. J. Abraham, C. Kutzner, B. Hess, E. Lindahl
Tackling Exascale Software Challenges in Molecular Dynamics Simulations with
GROMACS
In S. Markidis & E. Laure (Eds.), Solving Software Challenges for Exascale (2015)
DOI: 10.1007/978-3-319-15976-8_1
-------- -------- --- Thank You --- -------- --------


++++ PLEASE READ AND CITE THE FOLLOWING REFERENCE ++++
S. Pronk, S. Páll, R. Schulz, P. Larsson, P. Bjelkmar, R. Apostolov, M. R.
Shirts, J. C. Smith, P. M. Kasson, D. van der Spoel, B. Hess, E. Lindahl
GROMACS 4.5: a high-throughput and highly parallel open source molecular
simulation toolkit
Bioinformatics (2013)
DOI: 10.1093/bioinformatics/btt055
-------- -------- --- Thank You --- -------- --------


++++ PLEASE READ AND CITE THE FOLLOWING REFERENCE ++++
B. Hess, C. Kutzner, D. van der Spoel, E. Lindahl
GROMACS 4: Algorithms for highly efficient, load-balanced, and scalable
molecular simulation
J. Chem. Theory Comput. (2008)
DOI: 10.1021/ct700301q
-------- -------- --- Thank You --- -------- --------


++++ PLEASE READ AND CITE THE FOLLOWING REFERENCE ++++
D. van der Spoel, E. Lindahl, B. Hess, G. Groenhof, A. E. Mark, H. J. C.
Berendsen
GROMACS: Fast, Flexible and Free
J. Comp. Chem. (2005)
DOI: 10.1002/jcc.20291
-------- -------- --- Thank You --- -------- --------


++++ PLEASE READ AND CITE THE FOLLOWING REFERENCE ++++
E. Lindahl, B. Hess, D. van der Spoel
GROMACS 3.0: A package for molecular simulation and trajectory analysis
J. Mol. Mod. (2001)
DOI: 10.1007/s008940100045
-------- -------- --- Thank You --- -------- --------


++++ PLEASE READ AND CITE THE FOLLOWING REFERENCE ++++
H. J. C. Berendsen, D. van der Spoel and R. van Drunen
GROMACS: A message-passing parallel molecular dynamics implementation
Comp. Phys. Comm. (1995)
DOI: 10.1016/0010-4655(95)00042-E
-------- -------- --- Thank You --- -------- --------


++++ PLEASE CITE THE DOI FOR THIS VERSION OF GROMACS ++++
https://doi.org/10.5281/zenodo.15387018
-------- -------- --- Thank You --- -------- --------


The number of OpenMP threads was set by environment variable OMP_NUM_THREADS to 1

Input Parameters:
   integrator                     = md
   tinit                          = 0
   dt                             = 0.002
   nsteps                         = 5000000
   init-step                      = 0
   simulation-part                = 1
   mts                            = false
   mass-repartition-factor        = 1
   comm-mode                      = Linear
   nstcomm                        = 100
   bd-fric                        = 0
   ld-seed                        = -1610809937
   emtol                          = 10
   emstep                         = 0.01
   niter                          = 20
   fcstep                         = 0
   nstcgsteep                     = 1000
   nbfgscorr                      = 10
   rtpi                           = 0.05
   nstxout                        = 0
   nstvout                        = 0
   nstfout                        = 0
   nstlog                         = 5000
   nstcalcenergy                  = 100
   nstenergy                      = 5000
   nstxout-compressed             = 5000
   compressed-x-precision         = 1000
   cutoff-scheme                  = Verlet
   nstlist                        = 20
   pbc                            = xyz
   periodic-molecules             = false
   verlet-buffer-tolerance        = 0.005
   verlet-buffer-pressure-tolerance = 0.5
   rlist                          = 1.032
   coulombtype                    = PME
   coulomb-modifier               = Potential-shift
   rcoulomb-switch                = 0
   rcoulomb                       = 1
   epsilon-r                      = 1
   epsilon-rf                     = inf
   vdw-type                       = Cut-off
   vdw-modifier                   = Force-switch
   rvdw-switch                    = 0.9
   rvdw                           = 1
   DispCorr                       = EnerPres
   table-extension                = 1
   fourierspacing                 = 0.16
   fourier-nx                     = 24
   fourier-ny                     = 24
   fourier-nz                     = 24
   pme-order                      = 4
   ewald-rtol                     = 1e-05
   ewald-rtol-lj                  = 0.001
   lj-pme-comb-rule               = Geometric
   ewald-geometry                 = 3d
   epsilon-surface                = 0
   ensemble-temperature-setting   = constant
   ensemble-temperature           = 329
   tcoupl                         = V-rescale
   nsttcouple                     = 10
   nh-chain-length                = 0
   print-nose-hoover-chain-variables = false
   pcoupl                         = Parrinello-Rahman
   pcoupltype                     = Isotropic
   nstpcouple                     = 50
   tau-p                          = 2
   compressibility (3x3):
      compressibility[    0]={ 4.50000e-05,  0.00000e+00,  0.00000e+00}
      compressibility[    1]={ 0.00000e+00,  4.50000e-05,  0.00000e+00}
      compressibility[    2]={ 0.00000e+00,  0.00000e+00,  4.50000e-05}
   ref-p (3x3):
      ref-p[    0]={ 1.00000e+00,  0.00000e+00,  0.00000e+00}
      ref-p[    1]={ 0.00000e+00,  1.00000e+00,  0.00000e+00}
      ref-p[    2]={ 0.00000e+00,  0.00000e+00,  1.00000e+00}
   refcoord-scaling               = No
   posres-com: not available
   posres-comB: not available
   QMMM                           = false
qm-opts:
   ngQM                           = 0
   constraint-algorithm           = Lincs
   continuation                   = false
   Shake-SOR                      = false
   shake-tol                      = 0.0001
   lincs-order                    = 4
   lincs-iter                     = 1
   lincs-warnangle                = 30
   nwall                          = 0
   wall-type                      = 9-3
   wall-r-linpot                  = -1
   wall-atomtype[0]               = -1
   wall-atomtype[1]               = -1
   wall-density[0]                = 0
   wall-density[1]                = 0
   wall-ewald-zfac                = 3
   pull                           = false
   awh                            = false
   rotation                       = false
   interactiveMD                  = false
   disre                          = No
   disre-weighting                = Conservative
   disre-mixed                    = false
   dr-fc                          = 1000
   dr-tau                         = 0
   nstdisreout                    = 100
   orire-fc                       = 0
   orire-tau                      = 0
   nstorireout                    = 100
   free-energy                    = no
   cos-acceleration               = 0
   deform (3x3):
      deform[    0]={ 0.00000e+00,  0.00000e+00,  0.00000e+00}
      deform[    1]={ 0.00000e+00,  0.00000e+00,  0.00000e+00}
      deform[    2]={ 0.00000e+00,  0.00000e+00,  0.00000e+00}
   simulated-tempering            = false
   swapcoords                     = no
   userint1                       = 0
   userint2                       = 0
   userint3                       = 0
   userint4                       = 0
   userreal1                      = 0
   userreal2                      = 0
   userreal3                      = 0
   userreal4                      = 0
   applied-forces:
     electric-field:
       x:
         E0                       = 0
         omega                    = 0
         t0                       = 0
         sigma                    = 0
       y:
         E0                       = 0
         omega                    = 0
         t0                       = 0
         sigma                    = 0
       z:
         E0                       = 0
         omega                    = 0
         t0                       = 0
         sigma                    = 0
     density-guided-simulation:
       active                     = false
       group                      = protein
       similarity-measure         = inner-product
       atom-spreading-weight      = unity
       force-constant             = 1e+09
       gaussian-transform-spreading-width = 0.2
       gaussian-transform-spreading-range-in-multiples-of-width = 4
       reference-density-filename = reference.mrc
       nst                        = 1
       normalize-densities        = true
       adaptive-force-scaling     = false
       adaptive-force-scaling-time-constant = 4
       shift-vector               = 
       transformation-matrix      = 
     qmmm-cp2k:
       active                     = false
       qmgroup                    = System
       qmmethod                   = PBE
       qmfilenames                = 
       qmcharge                   = 0
       qmmultiplicity             = 1
     colvars:
       active                     = false
       configfile                 = 
       seed                       = -1
     nnpot:
       active                     = false
       modelfile                  = model.pt
       input-group                = System
       model-input1               = 
       model-input2               = 
       model-input3               = 
       model-input4               = 
grpopts:
   nrdf:     374.889     9789.11
   ref-t:         329         329
   tau-t:         0.1         0.1
annealing:          No          No
annealing-npoints:           0           0
   acc:	           0           0           0
   nfreeze:           N           N           N
   energygrp-flags[  0]: 0

Changing nstlist from 20 to 100, rlist from 1.032 to 1.17

Update groups can not be used for this system because atoms that are (in)directly constrained together are interdispersed with other atoms

GPU-aware MPI was not detected, will not use direct GPU communication. Check the GROMACS install guide for recommendations for GPU-aware support. If you are certain about GPU-aware support in your MPI library, you can force its use by setting the GMX_FORCE_GPU_AWARE_MPI environment variable.

Local state does not use filler particles

1 GPU selected for this run.
Mapping of GPU IDs to the 32 GPU tasks in the 16 ranks on this node:
  PP:0,PME:0,PP:0,PME:0,PP:0,PME:0,PP:0,PME:0,PP:0,PME:0,PP:0,PME:0,PP:0,PME:0,PP:0,PME:0,PP:0,PME:0,PP:0,PME:0,PP:0,PME:0,PP:0,PME:0,PP:0,PME:0,PP:0,PME:0,PP:0,PME:0,PP:0,PME:0
PP tasks will do (non-perturbed) short-ranged interactions on the GPU
PP task will update and constrain coordinates on the GPU
PME tasks will do all aspects on the GPU

This is simulation 2 out of 16 running as a composite GROMACS
multi-simulation job. Setup for this simulation:

Using 1 MPI process
Using 1 OpenMP thread 

System total charge: -0.000
Will do PME sum in reciprocal space for electrostatic interactions.

++++ PLEASE READ AND CITE THE FOLLOWING REFERENCE ++++
U. Essmann, L. Perera, M. L. Berkowitz, T. Darden, H. Lee, L. G. Pedersen 
A smooth particle mesh Ewald method
J. Chem. Phys. (1995)
DOI: 10.1063/1.470117
-------- -------- --- Thank You --- -------- --------

Using a Gaussian width (1/beta) of 0.320163 nm for Ewald
Potential shift: LJ r^-12: -1.730e+00 r^-6: -1.335e+00, Ewald -1.000e-05
Initialized non-bonded Coulomb Ewald tables, spacing: 9.33e-04 size: 1073

Generated table with 1085 data points for 1-4 COUL.
Tabscale = 500 points/nm
Generated table with 1085 data points for 1-4 LJ6.
Tabscale = 500 points/nm
Generated table with 1085 data points for 1-4 LJ12.
Tabscale = 500 points/nm
Long Range LJ corr.: <C6> 2.9008e-04


Using GPU 8x4 nonbonded short-range kernels

NBNxM GPU setup: super-cluster 2x2x2

Using a dual 8x4 pair-list setup updated with dynamic, rolling pruning:
  outer list: updated every 100 steps, buffer 0.170 nm, rlist 1.170 nm
  inner list: updated every  10 steps, buffer 0.003 nm, rlist 1.003 nm
At tolerance 0.005 kJ/mol/ps per atom, equivalent classical 1x1 list would be:
  outer list: updated every 100 steps, buffer 0.320 nm, rlist 1.320 nm
  inner list: updated every  10 steps, buffer 0.045 nm, rlist 1.045 nm

The average pressure is off by at most 0.06 bar due to missing LJ interactions
Removing pbc first time

Pinning threads with an auto-selected logical cpu stride of 1

Initializing LINear Constraint Solver

++++ PLEASE READ AND CITE THE FOLLOWING REFERENCE ++++
B. Hess, H. Bekker, H. J. C. Berendsen, J. G. E. M. Fraaije
LINCS: A Linear Constraint Solver for molecular simulations
J. Comp. Chem. (1997)
DOI: 10.1002/(sici)1096-987x(199709)18:12<1463::aid-jcc4>3.0.co;2-h
-------- -------- --- Thank You --- -------- --------

The number of constraints is 78

++++ PLEASE READ AND CITE THE FOLLOWING REFERENCE ++++
S. Miyamoto, P. A. Kollman
SETTLE: An Analytical Version of the SHAKE and RATTLE Algorithms for Rigid
Water Models
J. Comp. Chem. (1992)
DOI: 10.1002/jcc.540130805
-------- -------- --- Thank You --- -------- --------


++++ PLEASE READ AND CITE THE FOLLOWING REFERENCE ++++
G. Bussi, D. Donadio, M. Parrinello
Canonical sampling through velocity rescaling
J. Chem. Phys. (2007)
DOI: 10.1063/1.2408420
-------- -------- --- Thank You --- -------- --------

There are: 5047 Atoms

Updating coordinates and applying constraints on the GPU.

Initializing Replica Exchange
Repl  There are 16 replicas:
Multi-checking the number of atoms ... OK
Multi-checking the integrator ... OK
Multi-checking init_step+nsteps ... OK
Multi-checking first exchange step: init_step/-replex ... OK
Multi-checking the temperature coupling ... OK
Multi-checking the number of temperature coupling groups ... OK
Multi-checking the pressure coupling ... OK
Multi-checking free energy ... OK
Multi-checking number of lambda states ... OK

++++ PLEASE READ AND CITE THE FOLLOWING REFERENCE ++++
Y. Sugita, Y. Okamoto
Replica-exchange molecular dynamics method for protein folding
Chem. Phys. Lett. (1999)
DOI: 10.1016/S0009-2614(99)01123-9
-------- -------- --- Thank You --- -------- --------

Repl  Using Constant Pressure REMD.

++++ PLEASE READ AND CITE THE FOLLOWING REFERENCE ++++
T. Okabe, M. Kawata, Y. Okamoto, M. Mikami
Replica-exchange {M}onte {C}arlo method for the isobaric-isothermal ensemble
Chem. Phys. Lett. (2001)
DOI: 10.1016/S0009-2614(01)00055-0
-------- -------- --- Thank You --- -------- --------


Replica exchange in temperature
 300.0 314.0 329.0 345.0 361.0 378.0 396.0 415.0 434.0 455.0 476.0 499.0 522.0 547.0 573.0 600.0

Repl  p  1.00  1.00  1.00  1.00  1.00  1.00  1.00  1.00  1.00  1.00  1.00  1.00  1.00  1.00  1.00  1.00
Replica exchange interval: 500

Replica random seed: -167854097
Replica exchange information below: ex and x = exchange, pr = probability

Constraining the starting coordinates (step 0)

Constraining the coordinates at t0-dt (step 0)
Center of mass motion removal mode is Linear
We have the following groups for center of mass motion removal:
  0:  rest
RMS relative constraint deviation after constraining: 3.27e-06
Initial temperature: 304.914 K

Started mdrun on rank 0 Tue Sep 16 02:00:47 2025

           Step           Time
              0        0.00000

   Energies (kJ/mol)
           Bond          Angle    Proper Dih.          LJ-14     Coulomb-14
    3.82078e+01    8.89237e+01    1.73287e+02    1.76523e+02    1.52976e+03
        LJ (SR)  Disper. corr.   Coulomb (SR)   Coul. recip.      Potential
    8.78165e+03   -6.54580e+02   -7.86589e+04    6.13025e+02   -6.79121e+04
    Kinetic En.   Total Energy  Conserved En.    Temperature Pres. DC (bar)
    1.29095e+04   -5.50026e+04   -5.49994e+04    3.05520e+02   -2.00041e+02
 Pressure (bar)   Constr. rmsd
   -3.29620e+03    3.26938e-06

Replica exchange at step 500 time 1.00000
Repl 2 <-> 3  dE_term =  2.715e+01 (kT)
  dpV =  2.157e-03  d =  2.715e+01
Repl ex  0    1    2    3    4    5    6    7    8    9   10   11   12   13   14   15
Repl pr   .00       .00       .00       .00       .00       .00       .00       .00

Replica exchange at step 1000 time 2.00000
Repl 1 <-> 2  dE_term =  2.602e+01 (kT)
  dpV =  1.156e-03  d =  2.603e+01
Repl ex  0    1    2    3    4    5    6    7    8    9   10   11   12   13   14   15
Repl pr        .00       .00       .00       .00       .00       .00       .00     

step 1200: timed with pme grid 24 24 24, coulomb cutoff 1.000: 1501.6 M-cycles
step 1400: timed with pme grid 16 16 16, coulomb cutoff 1.480: 1470.3 M-cycles
step 1400: the maximum allowed grid scaling limits the PME load balancing to a coulomb cut-off of 1.480
Replica exchange at step 1500 time 3.00000
Repl 2 <-> 3  dE_term =  3.542e+01 (kT)
  dpV =  1.563e-03  d =  3.542e+01
Repl ex  0    1    2    3    4    5    6    7    8    9   10   11   12   13   14   15
Repl pr   .00       .00       .00       .00       .00       .00       .00       .00

step 1600: timed with pme grid 16 16 16, coulomb cutoff 1.480: 1763.3 M-cycles
step 1800: timed with pme grid 20 20 20, coulomb cutoff 1.184: 1608.8 M-cycles
step 2000: timed with pme grid 24 24 24, coulomb cutoff 1.000: 1567.2 M-cycles
              optimal pme grid 16 16 16, coulomb cutoff 1.480
Replica exchange at step 2000 time 4.00000
Repl 1 <-> 2  dE_term =  3.062e+01 (kT)
  dpV =  2.422e-03  d =  3.062e+01
Repl ex  0    1    2    3    4    5    6    7    8    9   10   11   12   13   14   15
Repl pr        .00       .24       .00       .00       .00       .00       .00     

Replica exchange at step 2500 time 5.00000
Repl 2 <-> 3  dE_term =  2.363e+01 (kT)
  dpV =  1.761e-03  d =  2.363e+01
Repl ex  0    1    2    3    4    5    6    7    8    9   10   11   12   13   14   15
Repl pr   .00       .00       .00       .00       .00       .00       .00       .00

Replica exchange at step 3000 time 6.00000
Repl 1 <-> 2  dE_term =  2.236e+01 (kT)
  dpV =  9.580e-06  d =  2.236e+01
Repl ex  0    1    2    3    4    5    6    7    8    9   10   11   12   13   14   15
Repl pr        .00       .00       .00       .00       .00       .00       .00     

Replica exchange at step 3500 time 7.00000
Repl 2 <-> 3  dE_term =  1.905e+01 (kT)
  dpV = -1.433e-03  d =  1.905e+01
Repl ex  0    1    2    3    4    5    6    7    8    9   10   11   12   13   14   15
Repl pr   .00       .00       .00       .00       .00       .00       .00       .00

Replica exchange at step 4000 time 8.00000
Repl 1 <-> 2  dE_term =  2.129e+01 (kT)
  dpV = -4.095e-04  d =  2.129e+01
Repl ex  0    1    2    3    4    5    6    7    8    9   10   11   12   13   14   15
Repl pr        .00       .00       .00       .00       .00       .00       .00     

Replica exchange at step 4500 time 9.00000
Repl 2 <-> 3  dE_term =  3.443e+01 (kT)
  dpV =  2.898e-04  d =  3.443e+01
Repl ex  0    1    2    3    4    5    6    7    8    9   10   11   12   13   14   15
Repl pr   .00       .00       .00       .00       .00       .00       .00       .00

           Step           Time
           5000       10.00000

   Energies (kJ/mol)
           Bond          Angle    Proper Dih.          LJ-14     Coulomb-14
    1.43039e+02    4.17378e+02    2.22807e+02    1.60902e+02    1.47920e+03
        LJ (SR)  Disper. corr.   Coulomb (SR)   Coul. recip.      Potential
    8.98839e+03   -6.73057e+02   -7.22643e+04    1.30061e+02   -6.13956e+04
    Kinetic En.   Total Energy  Conserved En.    Temperature Pres. DC (bar)
    1.38968e+04   -4.74988e+04   -5.44019e+04    3.28885e+02   -2.11476e+02
 Pressure (bar)   Constr. rmsd
   -3.78444e+02    3.26938e-06

Replica exchange at step 5000 time 10.00000
Repl 1 <-> 2  dE_term =  2.817e+01 (kT)
  dpV =  1.071e-03  d =  2.817e+01
Repl ex  0    1    2    3    4    5    6    7    8    9   10   11   12   13   14   15
Repl pr        .00       .00       .00       .00       .00       .00       .00     

Replica exchange at step 5500 time 11.00000
Repl 2 <-> 3  dE_term =  1.947e+01 (kT)
  dpV =  1.655e-03  d =  1.947e+01
Repl ex  0    1    2    3    4    5    6    7    8 x  9   10   11   12   13   14   15
Repl pr   .00       .00       .00       .00       1.0       .00       .00       .00

Replica exchange at step 6000 time 12.00000
Repl 1 <-> 2  dE_term =  1.486e+01 (kT)
  dpV =  6.258e-04  d =  1.486e+01
Repl ex  0    1    2    3    4    5    6    7    8    9   10   11   12   13   14   15
Repl pr        .00       .00       .00       .00       .00       .00       .00     

Replica exchange at step 6500 time 13.00000
Repl 2 <-> 3  dE_term =  1.680e+01 (kT)
  dpV =  3.112e-04  d =  1.680e+01
Repl ex  0    1    2    3    4    5    6    7    8    9   10   11   12   13   14   15
Repl pr   .00       .00       .00       .00       .00       .00       .00       .00

Replica exchange at step 7000 time 14.00000
Repl 1 <-> 2  dE_term =  2.747e+01 (kT)
  dpV =  1.949e-04  d =  2.747e+01
Repl ex  0    1    2    3    4    5    6    7    8    9   10   11   12   13   14   15
Repl pr        .00       .00       .00       .00       .00       .00       .00     

Replica exchange at step 7500 time 15.00000
Repl 2 <-> 3  dE_term =  1.486e+01 (kT)
  dpV =  5.520e-04  d =  1.487e+01
Repl ex  0    1    2    3    4    5    6    7    8    9   10   11   12   13   14   15
Repl pr   .00       .00       .00       .00       .00       .00       .00       .00

Replica exchange at step 8000 time 16.00000
Repl 1 <-> 2  dE_term =  3.326e+01 (kT)
  dpV =  1.215e-03  d =  3.326e+01
Repl ex  0    1    2    3    4    5    6    7    8    9   10   11   12   13   14   15
Repl pr        .00       .00       .00       .00       .00       .00       .00     

Replica exchange at step 8500 time 17.00000
Repl 2 <-> 3  dE_term =  1.414e+01 (kT)
  dpV =  3.219e-04  d =  1.414e+01
Repl ex  0    1    2    3    4    5    6    7    8    9   10   11   12   13   14   15
Repl pr   .00       .00       .00       .00       .00       .00       .00       .00

Replica exchange at step 9000 time 18.00000
Repl 1 <-> 2  dE_term =  2.081e+01 (kT)
  dpV = -5.188e-04  d =  2.081e+01
Repl ex  0    1    2    3    4    5    6    7    8    9   10   11   12   13   14   15
Repl pr        .00       .00       .00       .00       .00       .00       .00     

Replica exchange at step 9500 time 19.00000
Repl 2 <-> 3  dE_term =  1.622e+01 (kT)
  dpV = -9.134e-04  d =  1.622e+01
Repl ex  0    1    2    3    4    5    6    7    8    9   10   11   12   13   14   15
Repl pr   .00       .00       .00       .00       .00       .00       .00       .00

           Step           Time
          10000       20.00000

   Energies (kJ/mol)
           Bond          Angle    Proper Dih.          LJ-14     Coulomb-14
    1.55769e+02    3.78457e+02    2.20625e+02    1.76814e+02    1.48089e+03
        LJ (SR)  Disper. corr.   Coulomb (SR)   Coul. recip.      Potential
    9.05970e+03   -6.84274e+02   -7.29211e+04    1.32183e+02   -6.20010e+04
    Kinetic En.   Total Energy  Conserved En.    Temperature Pres. DC (bar)
    1.42447e+04   -4.77563e+04   -5.43197e+04    3.37120e+02   -2.18573e+02
 Pressure (bar)   Constr. rmsd
   -1.27381e+02    3.26938e-06

Replica exchange at step 10000 time 20.00000
Repl 1 <-> 2  dE_term =  2.905e+01 (kT)
  dpV =  1.261e-03  d =  2.905e+01
Repl ex  0    1    2    3    4    5    6    7    8    9   10   11   12   13   14   15
Repl pr        .00       .00       .00       .00       .00       .00       .00     

Replica exchange at step 10500 time 21.00000
Repl 2 <-> 3  dE_term =  2.604e+01 (kT)
  dpV =  3.142e-04  d =  2.604e+01
Repl ex  0    1    2    3    4    5    6    7    8    9   10   11   12   13   14   15
Repl pr   .00       .00       .00       .00       .00       .00       .00       .00

Replica exchange at step 11000 time 22.00000
Repl 1 <-> 2  dE_term =  2.675e+01 (kT)
  dpV =  1.253e-03  d =  2.675e+01
Repl ex  0    1    2    3    4    5    6    7    8    9   10   11   12   13   14   15
Repl pr        .00       .00       .00       .00       .00       .00       .00     

Replica exchange at step 11500 time 23.00000
Repl 2 <-> 3  dE_term =  3.058e+01 (kT)
  dpV =  7.031e-04  d =  3.058e+01
Repl ex  0    1    2    3    4    5    6    7    8    9   10   11   12   13   14   15
Repl pr   .00       .00       .00       .00       .00       .00       .00       .00

Replica exchange at step 12000 time 24.00000
Repl 1 <-> 2  dE_term =  3.340e+01 (kT)
  dpV = -4.665e-04  d =  3.340e+01
Repl ex  0    1    2    3    4    5    6    7    8    9   10   11   12   13   14   15
Repl pr        .00       .00       .00       .00       .00       .00       .00     

Replica exchange at step 12500 time 25.00000
Repl 2 <-> 3  dE_term =  1.593e+01 (kT)
  dpV =  9.205e-04  d =  1.593e+01
Repl ex  0    1    2    3    4    5    6    7    8    9   10   11   12   13   14   15
Repl pr   .00       .00       .00       .00       .00       .00       .00       .00

Replica exchange at step 13000 time 26.00000
Repl 1 <-> 2  dE_term =  3.570e+01 (kT)
  dpV =  2.539e-03  d =  3.571e+01
Repl ex  0    1    2    3    4    5    6    7 x  8    9   10   11   12   13   14   15
Repl pr        .00       .00       .00       1.0       .00       .00       .00     

Replica exchange at step 13500 time 27.00000
Repl 2 <-> 3  dE_term =  1.679e+01 (kT)
  dpV =  1.864e-03  d =  1.679e+01
Repl ex  0    1    2    3    4    5    6    7    8    9   10   11   12   13   14   15
Repl pr   .00       .00       .00       .00       .00       .00       .00       .00

Replica exchange at step 14000 time 28.00000
Repl 1 <-> 2  dE_term =  2.547e+01 (kT)
  dpV =  6.454e-04  d =  2.547e+01
Repl ex  0    1    2    3    4    5    6    7    8    9   10   11   12   13   14   15
Repl pr        .00       .00       .00       .00       .00       .00       .00     

Replica exchange at step 14500 time 29.00000
Repl 2 <-> 3  dE_term =  1.890e+01 (kT)
  dpV =  1.053e-03  d =  1.890e+01
Repl ex  0    1    2    3    4    5    6    7    8    9   10   11   12   13   14   15
Repl pr   .00       .00       .00       .00       .00       .00       .00       .00

           Step           Time
          15000       30.00000

   Energies (kJ/mol)
           Bond          Angle    Proper Dih.          LJ-14     Coulomb-14
    1.59199e+02    3.38652e+02    2.43290e+02    1.72143e+02    1.47157e+03
        LJ (SR)  Disper. corr.   Coulomb (SR)   Coul. recip.      Potential
    9.44231e+03   -6.81172e+02   -7.33476e+04    1.28683e+02   -6.20729e+04
    Kinetic En.   Total Energy  Conserved En.    Temperature Pres. DC (bar)
    1.39875e+04   -4.80854e+04   -5.41986e+04    3.31033e+02   -2.16599e+02
 Pressure (bar)   Constr. rmsd
    1.47597e+01    3.26938e-06

Replica exchange at step 15000 time 30.00000
Repl 1 <-> 2  dE_term =  2.022e+01 (kT)
  dpV = -9.277e-04  d =  2.022e+01
Repl ex  0    1    2    3    4    5    6    7    8    9   10   11   12   13   14   15
Repl pr        .00       .00       .00       .00       .00       .00       .00     

