151
 energy: -221.021286853413 gnorm: 0.337619722377 xtb: 6.7.1 (edcfbbe)
C            9.26000000000000       15.50000100000000       24.53000100000000
N           10.16000000000000       12.74000100000000       24.00000000000000
O            8.75000100000000       14.99000100000000       22.27000000000000
C            9.84000000000000       15.07000100000000       23.17000200000000
N           12.42000100000000       14.63000100000000       20.40000200000000
O           15.77000000000000       18.57000200000000       23.67000200000000
C            8.35000000000000       16.27000000000000       21.73000100000000
N           18.67000200000000       20.66000000000000       22.49000200000000
O           26.92000200000000       17.38000100000000       13.68000000000000
C           10.69000100000000       13.72000100000000       23.26000200000000
N           20.04000100000000       20.59000000000000       22.51000200000000
O           22.51000200000000       19.46000100000000       17.22000100000000
C           11.00000000000000       11.78000100000000       24.41000200000000
N           21.00000200000000       21.13000100000000       18.87000100000000
O           19.97000100000000       23.02000000000000       18.34000000000000
C           12.29000100000000       11.63000100000000       23.86000100000000
N           21.43000000000000       20.83000200000000       15.80000000000000
O           17.56000100000000       20.84000000000000       18.20000100000000
C           12.84000000000000       12.65000200000000       23.08000200000000
N           25.54000100000000       19.05000100000000       14.27000000000000
O           22.13000100000000       20.62000099999999       21.42000200000000
C           12.06000100000000       13.72000100000000       22.78000100000000
N           29.01000000000000       20.23000000000000        9.57000000000000
O           15.81000100000000       20.76000200000000       22.69000100000000
C           12.49000100000000       14.74000100000000       21.86000100000000
N           16.26000000000000       18.44000100000000       19.01000200000000
C           11.37000100000000       13.83000000000000       19.66000000000000
C           11.80000100000000       12.50000000000000       19.12000100000000
C           13.61000100000000       15.53000100000000       22.13999900000000
C           14.30000100000000       15.80000000000000       23.47000100000000
C           13.81000000000000       17.19000100000000       24.27000000000000
C           14.34000000000000       17.11000100000000       25.73000100000000
C           12.25000000000000       17.19000100000000       24.44000100000000
C           14.34000000000000       18.59000000000000       23.64000100000000
C           16.38000100000000       19.70000100000000       23.11000100000000
C           17.94000100000000       19.50000000000000       23.08000200000000
C           20.88000100000000       20.65000200000000       21.37000100000000
C           20.13000100000000       20.82000000000000       20.04000100000000
C           20.81000100000000       22.21000300000000       17.99000200000000
C           21.65000200000000       22.11000300000000       16.65000200000000
C           21.48000000000000       23.49000200000000       15.82000000000000
C           21.79000100000000       23.31000100000000       14.36000100000000
C           22.45000100000000       24.58000200000000       16.53000100000000
C           22.12000100000000       19.66000000000000       16.09000000000000
C           22.55000100000000       18.83000200000000       14.85000000000000
C           23.61000100000000       17.72000100000000       15.28000100000000
C           25.02000000000000       18.29000100000000       15.50000100000000
C           26.49000200000000       18.49000200000000       13.50000000000000
C           26.98000100000000       19.27000000000000       12.25000000000000
C           27.32999999999999       19.89000100000000       11.28000100000000
C           27.67000200000000       20.71000100000000       10.09000000000000
C           30.11000100000000       20.32000000000000       10.55999900000000
C           29.49000200000000       20.80000100000000        8.31000000000000
C           26.50000000000000       20.41000200000000        9.09000000000000
C           27.72000100000000       22.24000200000000       10.45000100000000
C           24.62000100000000       20.19000100000000       13.92000100000000
C           23.19000100000000       19.65000200000000       13.64000100000000
C           20.11000100000000       20.68000000000000       15.08000000000000
C           19.36000100000000       19.53000100000000       19.59000000000000
C           18.37000100000000       19.58000000000000       18.28000100000000
C           17.40000200000000       18.44000100000000       18.02000000000000
C           15.57000100000000       19.71000100000000       19.13999900000000
C           16.55000100000000       20.90000200000000       19.28000100000000
C           20.53000300000000       20.55999900000000       23.90000200000000
C           20.03000100000000       19.28000100000000       24.66000000000000
C           18.47000100000000       19.06000100000000       24.46000099999999
C           14.08000100000000       16.12000100000000       20.88000100000000
C           13.43000000000000       15.45000100000000       19.87000100000000
C           13.62000100000000       15.90000100000000       18.54000100000000
C           14.65000100000000       16.79000100000000       18.22000100000000
C           15.43000100000000       17.34000000000000       19.21000099999999
C           15.12000100000000       17.03000100000000       20.59000000000000
F           21.48000000000000       18.18000000000000       14.40000100000000
H            8.29000100000000       15.02000000000000       24.72000100000000
H            9.94000100000000       15.13000100000000       25.31000100000000
H            9.19000100000000       16.59000000000000       24.55000100000000
H           10.54000000000000       15.87000100000000       22.91000200000000
H            9.24000000000000       16.83000200000000       21.40000200000000
H            7.70000000000000       16.04000100000000       20.87000100000000
H            7.82000100000000       16.84000200000000       22.49000200000000
H           10.69000100000000       11.06000000000000       25.17000200000000
H           12.82000100000000       10.77000000000000       24.26000200000000
H           13.78000100000000       12.59000000000000       22.54000100000000
H           10.54000000000000       13.77000000000000       20.38000100000000
H           11.08000000000000       14.42000000000000       18.78000100000000
H           12.24000100000000       11.93000000000000       19.95000100000000
H           10.94000100000000       11.91000100000000       18.78000100000000
H           12.46000100000000       12.52000000000000       18.25000000000000
H           14.06000000000000       14.96000100000000       24.13000100000000
H           15.40000100000000       15.88000100000000       23.43000200000000
H           14.27000000000000       18.02000000000000       26.33000200000000
H           13.99000100000000       16.26000000000000       26.34000000000000
H           15.43000100000000       17.04000100000000       25.74000200000000
H           11.88000100000000       16.22000100000000       24.81000100000000
H           12.02000000000000       17.95000100000000       25.19000100000000
H           11.74000000000000       17.49000200000000       23.51000000000000
H           13.94000100000000       19.37000100000000       24.29000100000000
H           13.88000000000000       18.78000100000000       22.66000000000000
H           18.05000100000000       18.65000200000000       22.39000100000000
H           18.25000000000000       21.55000300000000       22.77000200000000
H           19.48000100000000       21.67000000000000       20.24000200000000
H           21.75000200000000       20.52000000000000       18.58000000000000
H           22.71000100000000       22.01000200000000       16.92000000000000
H           20.40000200000000       23.70000100000000       15.84000100000000
H           21.80000100000000       24.36000100000000       14.02000000000000
H           22.80000300000000       22.94000200000000       14.14000000000000
H           21.04000100000000       22.82000000000000       13.73000000000000
H           23.48000000000000       24.42000200000000       16.20000100000000
H           22.18000200000000       25.54000100000000       16.09000000000000
H           22.29999900000000       24.73000000000000       17.61000100000000
H           23.16000200000000       17.20000100000000       16.13000100000000
H           23.56000100000000       17.10000000000000       14.38000100000000
H           25.71000100000000       17.48000000000000       15.76000100000000
H           25.02000000000000       18.93000000000000       16.39000100000000
H           30.96000300000000       19.81000100000000       10.09000000000000
H           30.36000300000000       21.37000100000000       10.77000000000000
H           29.93000000000000       19.72000100000000       11.46000000000000
H           30.50000200000000       20.48999999999999        8.01000000000000
H           28.84000000000000       20.55999900000000        7.46000100000000
H           29.46000100000000       21.90000200000000        8.38000100000000
H           25.61000100000000       20.91000000000000        9.49000100000000
H           26.76000200000000       20.73000100000000        8.07000100000000
H           26.30000100000000       19.33000200000000        9.10000000000000
H           26.71000300000000       22.61000100000000       10.68000000000000
H           28.27000000000000       22.32000200000000       11.40000200000000
H           28.15000200000000       22.93000200000000        9.72000000000000
H           24.55000100000000       20.80000100000000       14.83000000000000
H           25.14000100000000       20.80000100000000       13.17000000000000
H           23.28000100000000       18.98000100000000       12.78000100000000
H           22.46000100000000       20.33000000000000       13.18000000000000
H           19.64000100000000       19.69000100000000       15.12000100000000
H           19.43000000000000       21.35000000000000       15.63000100000000
H           20.32000000000000       20.93000200000000       14.03000100000000
H           20.06000100000000       18.69000100000000       19.63000100000000
H           18.66000000000000       19.22000100000000       20.37000300000000
H           19.06000100000000       19.60000000000000       17.43000000000000
H           17.86000100000000       17.45000100000000       17.94000100000000
H           16.95000100000000       18.57000200000000       17.03000100000000
H           14.86000100000000       19.80000100000000       18.31000100000000
H           14.98000000000000       19.60000000000000       20.05000100000000
H           17.03000100000000       20.87000100000000       20.26000000000000
H           15.99000100000000       21.84000000000000       19.25000000000000
H           21.62000300000000       20.65000200000000       23.99000200000000
H           20.08000200000000       21.42000200000000       24.41000200000000
H           20.32000000000000       19.25000000000000       25.72000100000000
H           20.55000100000000       18.41000000000000       24.26000200000000
H           17.88999900000000       19.47000100000000       25.30000300000000
H           18.33000000000000       17.97000100000000       24.54000300000000
H           13.01000100000000       15.62000100000000       17.68000000000000
H           14.85000000000000       17.03000100000000       17.19000100000000
H           15.55000100000000       17.53000100000000       21.45000300000000
151
 energy: -221.150646001764 gnorm: 0.181059279094 xtb: 6.7.1 (edcfbbe)
C            9.27021251858558       15.48643511877780       24.53927130216228
N           10.18028537698599       12.76469545572942       24.01923654367041
O            8.76751951120207       14.98377187538147       22.24229688983012
C            9.83633708829722       15.06165122764692       23.17208113036958
N           12.42099823827303       14.63577990550878       20.40324519227331
O           15.76684825762486       18.60354785468307       23.64091100908001
C            8.35655147892973       16.25970735687892       21.73009846977917
N           18.65497035801734       20.64695585264790       22.46916610940433
O           26.93853918460227       17.38812225904448       13.68249333613102
C           10.68185614992426       13.74275620373163       23.27103245061155
N           20.04129261897770       20.58022310114040       22.50853987955644
O           22.53666619140752       19.45654265998529       17.20844558450150
C           11.00333942406552       11.78205549627297       24.39233370878876
N           21.00398361836604       21.13446340486737       18.87612337038428
O           19.98281014148572       23.03625000317589       18.30509427248844
C           12.29507941162331       11.64154221788803       23.88606495159925
N           21.41382079242099       20.84749585125654       15.81565392375517
O           17.57741990147350       20.82606249416090       18.23468157770492
C           12.81483473191730       12.63412292258762       23.06100368338218
N           25.51497359958593       19.04597711525223       14.27662745671043
O           22.08696055410666       20.61729516306988       21.43817646548925
C           12.02111153807833       13.72336112448167       22.75585995761214
N           29.00966645240621       20.21728341357735        9.57002304370914
O           15.82764667058763       20.71111449917897       22.70858174194087
C           12.54137406255250       14.73702425908816       21.83548249348858
N           16.29175260708225       18.43452134579235       19.03659647211199
C           11.38336782223764       13.85363541094149       19.66555303169180
C           11.80274580159119       12.49423269919550       19.13595854604887
C           13.62187513659701       15.55975433393886       22.14122398344886
C           14.27290671830108       15.83956308609527       23.48339446637070
C           13.81198386515638       17.18562631271199       24.28654973209429
C           14.37193190447482       17.10991980781618       25.72726112395262
C           12.26739138952799       17.19528438415578       24.43432376437636
C           14.33008345336227       18.56057454195352       23.65552287786246
C           16.39390270755882       19.70386962378732       23.11950457965763
C           17.94110993964778       19.49970071100672       23.08175855340365
C           20.85744228621846       20.63949763691245       21.37294776372884
C           20.11991018392074       20.80584114222541       20.01770117584881
C           20.79666034564099       22.17605498171350       17.99609410536234
C           21.63794737075305       22.09367320778379       16.66682544415595
C           21.48801156673307       23.44883754218350       15.84343734979318
C           21.80515235598628       23.33870857887283       14.35928654511252
C           22.41660499419459       24.56804134211107       16.49849485194925
C           22.14245133263212       19.70264724377648       16.07952480685925
C           22.56694894883157       18.84851418435995       14.84573994742962
C           23.59994651460772       17.74156188441882       15.25874052244605
C           25.01279952032202       18.29257308655366       15.48633718422815
C           26.45694332564308       18.49195460935644       13.47373466003514
C           26.95911937788966       19.29326763937846       12.27742607383234
C           27.32901861708543       19.90524665599084       11.29609738424758
C           27.68471585154782       20.70472964768221       10.09012862466357
C           30.10547293209557       20.31197324925284       10.54798578291288
C           29.46959066493378       20.81208131770096        8.31370048332755
C           26.51634987871678       20.40850074108099        9.10075586126556
C           27.71231980461673       22.22548614126086       10.46936503941166
C           24.61519464120543       20.17945270630744       13.94507276377007
C           23.19665202725076       19.63950113885873       13.63277518961930
C           20.12244503661841       20.69472970377626       15.08690990296039
C           19.31894607851713       19.52301036033389       19.60778553217176
C           18.37893848771609       19.59140437348041       18.29429800967562
C           17.38829858584766       18.44378155288695       18.03236988903953
C           15.57979536932584       19.69939686846012       19.14379287287935
C           16.55716136842126       20.87877771969564       19.27338731786834
C           20.52515832476050       20.55423471785068       23.90308861345031
C           20.02303869045889       19.27710034563704       24.63599456656564
C           18.48117240710049       19.05089490087158       24.46376734727355
C           14.10295731992768       16.10452722798911       20.88367450648072
C           13.39356365397384       15.46826105341205       19.85572377755266
C           13.61588812953440       15.88796742423601       18.53217489341374
C           14.64968276582536       16.77112434922197       18.23425332157555
C           15.42169060223049       17.34431800859304       19.24198055560038
C           15.11522551318250       17.02642184075434       20.58796623463031
F           21.47175547013481       18.18439055711696       14.38987019132668
H            8.29722636572408       15.02311242005986       24.71301099821997
H            9.93994478127623       15.13859797735035       25.32326114154073
H            9.18727296211044       16.57380132736176       24.55877405735455
H           10.54223033130372       15.85312948813892       22.88734606066299
H            9.23475964993434       16.82731193024941       21.39759158888893
H            7.70566782862362       16.04210941987487       20.87882664430613
H            7.81948432101106       16.83390533490559       22.48714251440343
H           10.67465279956672       11.06859967470491       25.14614488454075
H           12.83440194579546       10.77595925624073       24.24751936524624
H           13.77939630036958       12.58041522369909       22.56169649501896
H           10.54710465145530       13.76698999970578       20.37080252417731
H           11.07407046157483       14.43986862674837       18.79377448946886
H           12.25311763684931       11.92002390250063       19.94557341711179
H           10.93469902145001       11.92328913078586       18.79076627543933
H           12.46816446831703       12.53402062886508       18.27168035104322
H           14.05251462878730       14.98276239583266       24.13234931553109
H           15.37116773038669       15.88747329258742       23.41032115486431
H           14.23518513669256       18.02298506016911       26.31469826116967
H           13.98252661092306       16.27111798935665       26.31619299928282
H           15.45550456286439       17.01931023966234       25.72462034980951
H           11.89786940907818       16.23235589523463       24.79540256558829
H           12.01659525434758       17.94649397481840       25.18506767733544
H           11.75210020826702       17.47988950666632       23.51240269514803
H           13.94757595598685       19.36532938103574       24.29444995966246
H           13.89653628586791       18.75913679941541       22.66455188812909
H           18.05715224971213       18.65311832265616       22.38918362079468
H           18.25679926971516       21.53828684218712       22.77092361016728
H           19.47030330601295       21.66475269902021       20.20927994626352
H           21.74520213691073       20.50311403166958       18.59506203623572
H           22.69912013445887       22.00804867457225       16.93107628689756
H           20.42052150995722       23.71614298247747       15.87239905070277
H           21.80602200213352       24.37132754498864       14.00179143164148
H           22.79529983744731       22.93193321825104       14.14806998890479
H           21.05400336788114       22.82145549704091       13.75679173010882
H           23.45971829141561       24.40022341204665       16.21611891478603
H           22.16683424430665       25.54249629233661       16.07949490225569
H           22.29693691579601       24.69319561769943       17.58209305157578
H           23.18542893417733       17.21079861362053       16.12337829267157
H           23.57727977697232       17.08232329012515       14.38717805922411
H           25.70631584954212       17.48082447830743       15.73272865425805
H           25.02825401858657       18.94563068742938       16.36764502875103
H           30.96477241905214       19.81850150807536       10.08812980530618
H           30.36063292159621       21.35630699881029       10.77589382959028
H           29.90814369901207       19.73652363242847       11.45604758877986
H           30.47939113403326       20.48657988377019        8.03553921606477
H           28.82914781062687       20.54894924630127        7.46896339052684
H           29.47174472155132       21.90972931499776        8.37544874027756
H           25.62129149144873       20.90893512101694        9.47739380608665
H           26.75363798846745       20.73254386643301        8.08621502151308
H           26.30828282558810       19.33597657794298        9.09313253195679
H           26.70698275181695       22.59960050717262       10.67736970986179
H           28.27618215435909       22.32591011477819       11.39948208485352
H           28.14593079380919       22.89572284605592        9.72200274664527
H           24.55353761293700       20.80374951007745       14.84043419031547
H           25.11053247265761       20.77572256993755       13.16602808096781
H           23.28581375773840       18.94761177140066       12.78954019575699
H           22.47732571053425       20.35657050467829       13.21659665018858
H           19.67406132879607       19.69519660601872       15.13061240874346
H           19.42702130752372       21.35799477341588       15.60638230989087
H           20.29944020203047       20.93902668214248       14.03779456174652
H           20.04890873334429       18.70132636154439       19.58480888451772
H           18.64077910879327       19.22900849386136       20.40134779604141
H           19.05192145476484       19.62169439039105       17.43011526963934
H           17.86147814363247       17.45777738680589       17.97112145603733
H           16.95446342864195       18.59029077580090       17.02931972229527
H           14.87356123568434       19.81550957966428       18.30390807110023
H           14.97974276265805       19.61638694243777       20.05361053200252
H           17.03545699341077       20.85998114900881       20.25582347870708
H           16.00866120863984       21.82744070177485       19.22112991092816
H           21.61301099816894       20.64153683103424       23.97463070564057
H           20.08250630973510       21.42273974488415       24.40666839809059
H           20.30098252381233       19.27714489493455       25.69987654864968
H           20.54799553789595       18.40910558086675       24.23820826763606
H           17.90552794168569       19.48800144265035       25.28812501643046
H           18.32349358846869       17.97059354671560       24.54270833286233
H           13.00568708075496       15.59910452322672       17.68652728027115
H           14.84326627081410       17.03113287126776       17.20097393463320
H           15.56473586049116       17.52914189177258       21.43166147835556
151
 energy: -221.219227147119 gnorm: 0.076216999275 xtb: 6.7.1 (edcfbbe)
C            9.27747362985064       15.47497150475714       24.54409941812931
N           10.20398751439893       12.79463614631286       24.04200841911385
O            8.79235425744355       14.97598230326570       22.21663322108899
C            9.84154188509680       15.05591237898118       23.17515751621681
N           12.42915131384829       14.64190420635420       20.41235788404231
O           15.77314935480144       18.61910422902030       23.61761720733193
C            8.36633638174433       16.24412990142352       21.73164467782630
N           18.62840888794245       20.62859756609163       22.44243186833687
O           26.94629732968470       17.41059641506643       13.67478722779118
C           10.67654483998397       13.76849167066361       23.27535617425224
N           20.03252038481486       20.56944356271383       22.50045370335903
O           22.58052136737715       19.46514126215299       17.18560043451124
C           11.00787385005648       11.79263672396901       24.38147408842048
N           21.00093967026178       21.13431620898941       18.88046300025989
O           19.99609725650450       23.04527608724177       18.25848239499368
C           12.29634922964107       11.65056806127619       23.89975797670673
N           21.40189936115997       20.86285495175697       15.83305267918371
O           17.59442111454259       20.81592348614007       18.26606343958819
C           12.78807488180840       12.62393648715614       23.04337845673512
N           25.49777783977773       19.04666944087872       14.28324380391409
O           22.04399628683802       20.61326680159523       21.45595168183045
C           11.98106011345803       13.72252532563132       22.72824503949646
N           29.00297233826671       20.21494235679062        9.57531484597526
O           15.83637830659861       20.67609975241407       22.72915436726448
C           12.58909058775274       14.72454995225638       21.80977140620324
N           16.32357138149700       18.43379058953245       19.06881380139723
C           11.40233091694063       13.87928211623678       19.68277197469255
C           11.80980262530167       12.49543942151184       19.15386342234546
C           13.62781613163445       15.58380463124698       22.13678103050324
C           14.25162146475793       15.86992473090646       23.49041760272851
C           13.82473727422823       17.16681895272151       24.28372835855739
C           14.39689971122154       17.10417080079915       25.71765536061739
C           12.29277812353441       17.22294168919602       24.43258538538898
C           14.32392313250165       18.53079208126868       23.66967360932124
C           16.40046124932889       19.69381692366187       23.11921933448883
C           17.93849345792137       19.48900345154496       23.07858008544265
C           20.82695366268980       20.63148429232951       21.37574045770642
C           20.10001616941945       20.79483257931447       19.99470934719768
C           20.79026379809097       22.14253369116471       18.00381479183201
C           21.63061787845906       22.08440424529169       16.67039661600719
C           21.48831590669145       23.42772315621028       15.86369717796795
C           21.81594828421613       23.35241481652595       14.36338751057742
C           22.38950721818502       24.54205612539493       16.48078074253375
C           22.15926278300989       19.74184350948326       16.06740690015996
C           22.58845031911407       18.86323525054322       14.84128825510756
C           23.59394722775041       17.76322656662564       15.24057016126293
C           25.01359177376919       18.29935878876379       15.46389048657575
C           26.45568075603408       18.52139669408712       13.46541324298357
C           26.91875743471643       19.30402573572634       12.29194411525540
C           27.31642258395197       19.91149357517679       11.31827144090900
C           27.69288548295361       20.69643420312402       10.10299200383571
C           30.09719225036793       20.30436770123659       10.53760278293599
C           29.44674223849035       20.82181043051810        8.31927471244574
C           26.53446000910144       20.40594886539469        9.11381643552159
C           27.70883078740850       22.20880361457408       10.48839184842944
C           24.61392533276676       20.16324003710135       13.96277982886448
C           23.20058865975060       19.63373262549940       13.63313239450952
C           20.14021436421769       20.71359345041284       15.09686185874489
C           19.28536335831238       19.51595582285390       19.60899488707414
C           18.37370146236962       19.60433924414770       18.32089824484717
C           17.37261627969731       18.43732865468629       18.05404051555294
C           15.59351712792401       19.69269094144445       19.14879860275454
C           16.57333056836536       20.85990257327169       19.26904325845145
C           20.51230827718257       20.54504519976312       23.89774819348539
C           20.01627773325377       19.27424629525490       24.61308457595271
C           18.49360345445964       19.04653221442603       24.46313897648326
C           14.11403033600452       16.09736958775272       20.88732382663694
C           13.36340880858328       15.48713129520317       19.84609820338623
C           13.61509972783593       15.87933501120215       18.52798553226741
C           14.64746198671690       16.76078280779711       18.24951129608481
C           15.41252432821059       17.34949413361488       19.27172204408746
C           15.10830988786613       17.02635468245888       20.58499754652019
F           21.45899786804105       18.19256836472110       14.38319845331962
H            8.30360566217552       15.02087778824444       24.70505001045317
H            9.94059617935809       15.14551482404593       25.33227463268254
H            9.18218045283566       16.55992152855842       24.57001765378995
H           10.54694158332253       15.84101210859390       22.86090537479147
H            9.23071429852300       16.82611345673516       21.39478716348628
H            7.71022662330798       16.03956874955524       20.88844926277780
H            7.82262160753512       16.82057379237743       22.48748721681878
H           10.64742474996065       11.07798929278038       25.11624889708116
H           12.85587725470694       10.78843865468829       24.23041338732827
H           13.77211531048547       12.57189531786278       22.58389963620507
H           10.55302367865159       13.76614006222358       20.36641224340875
H           11.07763870730916       14.46219264900724       18.81638347121456
H           12.26738631588914       11.91370809631614       19.94510722610044
H           10.93095186555596       11.94725650636781       18.80696986119735
H           12.48201288538478       12.55272167086986       18.29706169618061
H           14.03940153218721       15.00759824450143       24.13621913842721
H           15.34600165735091       15.90005522588758       23.38822518468804
H           14.20641289345654       18.01984065624472       26.28848793447007
H           13.97911680538689       16.27597296480275       26.29121245697920
H           15.47409305613059       17.00069513476573       25.70579764298642
H           11.92385455592954       16.25632315035323       24.77816207961393
H           12.01511123414397       17.95911609497517       25.18485242053584
H           11.77672169110877       17.47851149297082       23.51000118555519
H           13.95590733049738       19.35528313623563       24.29991537880477
H           13.91256929852740       18.72807452077259       22.66834906286748
H           18.06683721877394       18.64601901926568       22.38631364555644
H           18.26264515819340       21.52261654791689       22.77785614058231
H           19.45151327950318       21.66253403179662       20.16841959323904
H           21.73217422469905       20.47709433100384       18.61440382310622
H           22.68805959049263       22.00379271021086       16.95062884286621
H           20.43275701828462       23.73036214773867       15.91004079716679
H           21.81274021451186       24.37272209334224       13.99613099945501
H           22.79370309308546       22.92392441578556       14.16131681381921
H           21.06499576173444       22.81798775398922       13.78176239519458
H           23.44220335057577       24.37534138740031       16.23374239698537
H           22.14244962697670       25.51984055592520       16.06721198258581
H           22.28973949662154       24.65220882051026       17.56389682170104
H           23.21223354616398       17.22762053089729       16.11920331844543
H           23.59199844393180       17.06831635154046       14.39560588451105
H           25.70248534635837       17.48211912111289       15.69911461353704
H           25.01187216642457       18.96151238085141       16.33925778139221
H           30.96595750290827       19.82488801945397       10.08731795212078
H           30.36124780902801       21.34367275907168       10.78303115514871
H           29.87925250402827       19.75184703948479       11.45236227541801
H           30.45600402473084       20.47921373678011        8.06489347567991
H           28.81131902701507       20.53917926628493        7.48271116537556
H           29.47952723443108       21.91696274399132        8.37228283320576
H           25.63450315423710       20.90773031127983        9.46905418633179
H           26.75527697702108       20.73998684072514        8.10441197363966
H           26.32292025078055       19.33857392866187        9.08707394993615
H           26.70474788369672       22.57992559782900       10.67626105479097
H           28.28314876970339       22.33202326986595       11.40225519383668
H           28.14299526085198       22.85634384183881        9.72070979750182
H           24.55533009698622       20.80289416477170       14.84614249382419
H           25.07734046048079       20.74931403089192       13.15733508096091
H           23.28951530133624       18.92390112622980       12.80564626104624
H           22.50087692633430       20.38773558087871       13.25738231200206
H           19.71694612729879       19.70340828512723       15.14735170259846
H           19.42325636205520       21.37350247159129       15.58002185197314
H           20.28053533177046       20.95095937426170       14.04405433137553
H           20.02776776256096       18.70655712140850       19.53357270725842
H           18.62762733760076       19.24513507800230       20.42247614981429
H           19.03644043611005       19.64545892305599       17.44633981190587
H           17.86553967582140       17.46166410440577       18.00875838622036
H           16.95893516150860       18.60934237222758       17.03845758519883
H           14.89747970576014       19.82532657392035       18.29544711477333
H           14.98014766616653       19.63813198457665       20.05434639639521
H           17.03973883331509       20.84994563104074       20.25942514136452
H           16.03490139982507       21.81315242228607       19.18486614336857
H           21.59992644525116       20.62707614397434       23.94791792091601
H           20.08378580073053       21.42350326422726       24.39816015668977
H           20.28499194982557       19.30461644471326       25.67751657516368
H           20.54608987183079       18.41079589912452       24.21150396176682
H           17.92685009766468       19.51479757975816       25.27323702634983
H           18.31521007592471       17.97489945748521       24.54769435556508
H           13.00380764919924       15.56967203560749       17.69573958350063
H           14.83982268275911       17.03215048714992       17.21569822733368
H           15.58867509889980       17.52714081437039       21.41174447473782
151
 energy: -221.250689438653 gnorm: 0.045222907228 xtb: 6.7.1 (edcfbbe)
C            9.28279306506342       15.46939593416004       24.54136438441816
N           10.21928633053603       12.82500567008051       24.06574006023034
O            8.82018132873377       14.96478349013119       22.19372289989253
C            9.85383998190145       15.06175384536254       23.17160296127213
N           12.43847759711701       14.65230885427767       20.42082233433013
O           15.78922352612712       18.59581552817379       23.60599770039949
C            8.37596800370441       16.22798204627691       21.72926234664147
N           18.59592860678095       20.61038977435023       22.41744774090373
O           26.96241540297826       17.43922364522538       13.67078924202019
C           10.68279263522656       13.78852571381227       23.27900327620683
N           20.00409432113495       20.55907988895907       22.48191695141881
O           22.65027961562716       19.50132689927582       17.16137710394952
C           11.00499023763619       11.80543843197485       24.37850371227530
N           20.98643806502240       21.11989551836466       18.88193789602186
O           19.99487634897231       23.03830066907618       18.22093945914467
C           12.29431137719054       11.65717971145539       23.89814754907512
N           21.40747656620228       20.87260167213709       15.84084600204101
O           17.61123216328049       20.81832960111480       18.28878628977977
C           12.77262045310354       12.62184721207749       23.02999613419331
N           25.47781121827018       19.04373748746679       14.27480944080546
O           22.00869082235610       20.60850375445456       21.45843547507126
C           11.96763073556345       13.72236288073808       22.70849380893400
N           28.99356350506585       20.21386552966840        9.58499762881805
O           15.83630739642449       20.66857388940543       22.74003831452654
C           12.60764571456620       14.71735025563113       21.80050143632636
N           16.33923404595224       18.43240309545465       19.10111801604740
C           11.41489496979541       13.89867080598669       19.70380407278183
C           11.82362171795772       12.51078556983764       19.17498933576104
C           13.62077697243606       15.60177400380601       22.13581252378480
C           14.23603410910699       15.89483313253406       23.49074683280736
C           13.83540256343962       17.17905570028112       24.28058435368258
C           14.41534270813037       17.09559678969784       25.70601900765370
C           12.30975330993076       17.23426853901168       24.42723453857748
C           14.33541875952145       18.51939225790686       23.66399946407523
C           16.40629231947626       19.67300822371426       23.12382336221080
C           17.93728631081648       19.46533148650709       23.06605441170414
C           20.79013993185094       20.62500955099474       21.36785967597095
C           20.06943284200011       20.78677132514557       19.97910613866561
C           20.78075208969025       22.11966460718724       18.00319944309491
C           21.63615606749502       22.07413443991466       16.67870534140575
C           21.48444290861536       23.41237762992116       15.87692107567908
C           21.81985268980975       23.34871397053024       14.37539345040391
C           22.37338999976565       24.51431970719395       16.48056823538958
C           22.18694091676780       19.77097044516891       16.05722132726444
C           22.59659670225922       18.87281880712601       14.83658516363643
C           23.59145791550112       17.77319258076191       15.23018459676097
C           25.01217059100283       18.30822799402304       15.44512034639109
C           26.42794503744317       18.53132243211166       13.44106290886743
C           26.89814139172961       19.34825827164402       12.32218176544209
C           27.30800359850841       19.92152657470020       11.33624179651253
C           27.69356373624699       20.68862990080187       10.11818418048796
C           30.08686341248988       20.29956556180447       10.53911401349471
C           29.42384620181227       20.82379581876443        8.32902046060762
C           26.54630194521642       20.40301914140741        9.12338093011514
C           27.70681676828059       22.19253458136022       10.50551777491665
C           24.60766300724502       20.15911199775742       13.97029330264453
C           23.19978147838720       19.63457847226830       13.63902104183053
C           20.15647746788297       20.73162159540684       15.10232978120399
C           19.25773989724072       19.50759232438779       19.61130405555384
C           18.37002702381062       19.61386454898908       18.33504630404567
C           17.36668724177404       18.43770700143315       18.08103025878186
C           15.60934321033998       19.69208821206081       19.15602297123543
C           16.59049109644326       20.85480946958828       19.27495113481670
C           20.49408951664686       20.53942632954502       23.87254315450633
C           20.01163374020499       19.27118432276897       24.58446195275517
C           18.49564344280600       19.04694965189713       24.45432704327229
C           14.11018795100320       16.10762774119791       20.89285385045375
C           13.35522845260562       15.50442919329496       19.84871506310830
C           13.61816496137757       15.87597777496770       18.52928827674062
C           14.64651150849272       16.76172752809905       18.25891268519783
C           15.40957780510370       17.35075706563116       19.28571242553071
C           15.11001089613853       17.02873771322809       20.59221409997728
F           21.44268190970693       18.20900959296919       14.38322504116198
H            8.31159552885330       15.00812530472237       24.69270210055801
H            9.94304600808118       15.14934887211430       25.33805197328526
H            9.17400677226193       16.55140082825172       24.58058026600285
H           10.55536063015142       15.84203580746209       22.83704576037873
H            9.22814768489858       16.82780589723694       21.38884378598290
H            7.71220442514384       16.02925129307160       20.89164708557167
H            7.83022610190388       16.79358979375341       22.49287605244414
H           10.61182255430565       11.08321130055642       25.08697219524392
H           12.87504294399399       10.80358502023913       24.21361233724928
H           13.76448149928155       12.56533730907710       22.59694827096406
H           10.56018192917986       13.77345310247850       20.37645352778898
H           11.08742518106052       14.49073006507274       18.84477498163917
H           12.28348637220810       11.91509868809842       19.95566140862029
H           10.93504502107788       11.98111855932599       18.82800886620382
H           12.50292024932541       12.57956156499834       18.32666543292182
H           14.01992224976751       15.03711222105101       24.13883150175632
H           15.32566201962855       15.91779522122883       23.36581925925996
H           14.19505095738471       18.01052087700569       26.26248131795097
H           13.98175885870590       16.26760730379633       26.26405195034395
H           15.49313728910441       16.98254337879446       25.68758431716110
H           11.94456349390082       16.26561450692816       24.76666398079981
H           12.02336525718439       17.97070817235901       25.17394828446913
H           11.80739864341955       17.48074797710274       23.49623797777035
H           13.97337054590829       19.34131890596865       24.29799515731056
H           13.92933085166973       18.69446330684177       22.66009990163219
H           18.07718636137572       18.62129661951352       22.37954370442162
H           18.25277576091868       21.50082524341463       22.78714753828791
H           19.41720901348612       21.65739054083334       20.12016366584398
H           21.71152884582362       20.44590295360587       18.63411886757104
H           22.68702595315653       21.99520402342739       16.98187824408189
H           20.43760506820971       23.73056612620458       15.95066787330510
H           21.82277754755816       24.36768599717774       13.99899691033254
H           22.79594137978154       22.91237766879929       14.18514408663385
H           21.07182274596205       22.80880177890782       13.80307554908692
H           23.42561272076210       24.34023521495858       16.24737569516641
H           22.11404555639855       25.48553311469048       16.05840192745662
H           22.26852950137505       24.60518486577999       17.56068935463582
H           23.23491102496730       17.24895754246897       16.12260804165307
H           23.59712650841085       17.05716931647959       14.40213375905441
H           25.69752436580858       17.48413266218166       15.65816687804812
H           25.01631467532783       18.97838854395249       16.31361075694103
H           30.96015236594052       19.82257257139294       10.09454379154174
H           30.35967268597416       21.33558271603004       10.79100083586305
H           29.84551117291676       19.76071048441578       11.45515894750418
H           30.42862435572084       20.46520962010467        8.09078422983935
H           28.78314627720846       20.53128515785373        7.50130461914358
H           29.47775256774959       21.91983497053327        8.37237207358033
H           25.64318983343545       20.90231538260758        9.46933097340340
H           26.76941150837776       20.75478545927522        8.12167037931611
H           26.34403742158799       19.33524551569455        9.07928596767925
H           26.69910645657217       22.55584557760833       10.68380038468766
H           28.29008463571967       22.33720860655749       11.41124341144268
H           28.13764528078986       22.81333961818753        9.71672126643563
H           24.55824615920314       20.80747325906113       14.85073042491546
H           25.04423031470843       20.72882767782761       13.14229881007916
H           23.28327930233133       18.91434298890408       12.81942679512851
H           22.52398146504846       20.42229865278784       13.29533097229949
H           19.76085687739655       19.71267946813284       15.16746654507592
H           19.42214606631200       21.39297376050361       15.55937535731342
H           20.27222421256382       20.96516173201191       14.04474691861668
H           19.99304984228344       18.70053713417505       19.48804855638677
H           18.61429738718547       19.25282694304775       20.44581015799175
H           19.02647118166557       19.66635260597087       17.45690453625537
H           17.87256697276358       17.46973525857826       18.05332955934871
H           16.95967797419314       18.62050943016267       17.06298462599786
H           14.93580210895544       19.82689131924607       18.28438821823141
H           14.98026320810773       19.66414248274326       20.05230648220118
H           17.04070510740142       20.84652895921556       20.27370994794487
H           16.06097695143589       21.80669943610305       19.15345511815460
H           21.58333993589853       20.61044049006679       23.90027454603598
H           20.08154561047069       21.42297044779903       24.37796550040239
H           20.27608502122614       19.32797905581462       25.64638126274602
H           20.54375155979206       18.41133888823297       24.17707260254346
H           17.94925579272240       19.55596085774255       25.25474977963576
H           18.29892158751409       17.98028221220835       24.56391013254495
H           13.01261899816780       15.53120112770504       17.70298791625249
H           14.84137820918960       17.03377547486883       17.22849946095576
H           15.62194833490330       17.52178078245836       21.40499621097081
